2025-05-02 15:15:17 [INFO ] [LoginSteps] - [the_mobile_app_is_installed_on_the_device] Cloudcard app is installed
2025-05-02 15:15:20 [INFO ] [LoginSteps] - [the_user_launches_the_app] Cloudcard app is Launched
2025-05-02 15:15:21 [INFO ] [LoginSteps] - [the_user_completes_the_onboarding_steps] Skip button
2025-05-02 15:15:25 [INFO ] [LoginSteps] - [the_user_taps_the_upload_qr_button] upload QR button
2025-05-02 15:15:30 [INFO ] [LoginSteps] - [the_user_should_be_navigated_to_the_login_page] login page
2025-05-02 15:24:45 [INFO ] [LoginSteps] - [the_mobile_app_is_installed_on_the_device] Cloudcard app is installed
2025-05-02 15:24:48 [INFO ] [LoginSteps] - [the_user_launches_the_app] Cloudcard app is Launched
2025-05-02 15:24:50 [INFO ] [LoginSteps] - [the_user_completes_the_onboarding_steps] Skip button
2025-05-02 15:24:54 [INFO ] [LoginSteps] - [the_user_taps_the_upload_qr_button] upload QR button
2025-05-02 15:24:59 [INFO ] [LoginSteps] - [the_user_selects_the_photo_app_and_chooses_the_qr_code_image] album
2025-05-02 15:25:00 [INFO ] [LoginSteps] - [the_user_selects_the_photo_app_and_chooses_the_qr_code_image] QR selected
2025-05-02 15:25:00 [INFO ] [LoginSteps] - [the_user_should_be_navigated_to_the_login_page] login page
2025-05-02 15:25:55 [INFO ] [LoginSteps] - [the_mobile_app_is_installed_on_the_device] Cloudcard app is installed
2025-05-02 15:25:58 [INFO ] [LoginSteps] - [the_user_launches_the_app] Cloudcard app is Launched
2025-05-02 15:25:59 [INFO ] [LoginSteps] - [the_user_completes_the_onboarding_steps] Skip button
2025-05-02 15:26:41 [INFO ] [LoginSteps] - [the_mobile_app_is_installed_on_the_device] Cloudcard app is installed
2025-05-02 15:26:44 [INFO ] [LoginSteps] - [the_user_launches_the_app] Cloudcard app is Launched
2025-05-02 15:26:45 [INFO ] [LoginSteps] - [the_user_completes_the_onboarding_steps] Skip button
2025-05-02 15:26:49 [INFO ] [LoginSteps] - [the_user_taps_the_upload_qr_button] upload QR button
2025-05-02 15:26:53 [INFO ] [LoginSteps] - [the_user_selects_the_photo_app_and_chooses_the_qr_code_image] album
2025-05-02 15:26:56 [INFO ] [LoginSteps] - [the_user_selects_the_photo_app_and_chooses_the_qr_code_image] QR selected
2025-05-02 15:26:56 [INFO ] [LoginSteps] - [the_user_should_be_navigated_to_the_login_page] login page
2025-05-02 15:27:58 [INFO ] [LoginSteps] - [the_mobile_app_is_installed_on_the_device] Cloudcard app is installed
2025-05-02 15:28:01 [INFO ] [LoginSteps] - [the_user_launches_the_app] Cloudcard app is Launched
2025-05-02 15:28:02 [INFO ] [LoginSteps] - [the_user_completes_the_onboarding_steps] Skip button
2025-05-02 15:28:07 [INFO ] [LoginSteps] - [the_user_taps_the_upload_qr_button] upload QR button
2025-05-02 15:28:10 [INFO ] [LoginSteps] - [the_user_selects_the_photo_app_and_chooses_the_qr_code_image] album
2025-05-02 15:28:14 [INFO ] [LoginSteps] - [the_user_selects_the_photo_app_and_chooses_the_qr_code_image] QR selected
2025-05-02 15:28:14 [INFO ] [LoginSteps] - [the_user_should_be_navigated_to_the_login_page] login page
2025-05-02 15:30:31 [INFO ] [LoginSteps] - [the_mobile_app_is_installed_on_the_device] Cloudcard app is installed
2025-05-02 15:30:34 [INFO ] [LoginSteps] - [the_user_launches_the_app] Cloudcard app is Launched
2025-05-02 15:30:35 [INFO ] [LoginSteps] - [the_user_completes_the_onboarding_steps] Skip button
2025-05-02 15:30:41 [INFO ] [LoginSteps] - [the_user_taps_the_upload_qr_button] upload QR button
2025-05-02 15:30:43 [INFO ] [LoginSteps] - [the_user_selects_the_photo_app_and_chooses_the_qr_code_image] album
2025-05-02 15:31:42 [INFO ] [LoginSteps] - [the_mobile_app_is_installed_on_the_device] Cloudcard app is installed
2025-05-02 15:31:45 [INFO ] [LoginSteps] - [the_user_launches_the_app] Cloudcard app is Launched
2025-05-02 15:32:11 [INFO ] [LoginSteps] - [the_mobile_app_is_installed_on_the_device] Cloudcard app is installed
2025-05-02 15:32:14 [INFO ] [LoginSteps] - [the_user_launches_the_app] Cloudcard app is Launched
2025-05-02 15:32:16 [INFO ] [LoginSteps] - [the_user_completes_the_onboarding_steps] Skip button
2025-05-02 15:32:20 [INFO ] [LoginSteps] - [the_user_taps_the_upload_qr_button] upload QR button
2025-05-02 15:32:24 [INFO ] [LoginSteps] - [the_user_selects_the_photo_app_and_chooses_the_qr_code_image] album
2025-05-02 15:33:16 [INFO ] [LoginSteps] - [the_mobile_app_is_installed_on_the_device] Cloudcard app is installed
2025-05-02 15:33:19 [INFO ] [LoginSteps] - [the_user_launches_the_app] Cloudcard app is Launched
2025-05-02 15:33:20 [INFO ] [LoginSteps] - [the_user_completes_the_onboarding_steps] Skip button
2025-05-02 15:33:25 [INFO ] [LoginSteps] - [the_user_taps_the_upload_qr_button] upload QR button
2025-05-02 15:33:29 [INFO ] [LoginSteps] - [the_user_selects_the_photo_app_and_chooses_the_qr_code_image] album
2025-05-02 15:34:23 [INFO ] [LoginSteps] - [the_mobile_app_is_installed_on_the_device] Cloudcard app is installed
2025-05-02 15:34:26 [INFO ] [LoginSteps] - [the_user_launches_the_app] Cloudcard app is Launched
2025-05-02 15:34:27 [INFO ] [LoginSteps] - [the_user_completes_the_onboarding_steps] Skip button
2025-05-02 15:34:31 [INFO ] [LoginSteps] - [the_user_taps_the_upload_qr_button] upload QR button
2025-05-02 15:34:35 [INFO ] [LoginSteps] - [the_user_selects_the_photo_app_and_chooses_the_qr_code_image] album
2025-05-02 15:34:38 [INFO ] [LoginSteps] - [the_user_selects_the_photo_app_and_chooses_the_qr_code_image] QR selected
2025-05-02 15:34:38 [INFO ] [LoginSteps] - [the_user_should_be_navigated_to_the_login_page] login page
2025-05-02 15:37:42 [INFO ] [LoginSteps] - [the_mobile_app_is_installed_on_the_device] Cloudcard app is installed
2025-05-02 15:37:45 [INFO ] [LoginSteps] - [the_user_launches_the_app] Cloudcard app is Launched
2025-05-02 15:37:46 [INFO ] [LoginSteps] - [the_user_completes_the_onboarding_steps] Skip button
2025-05-02 15:37:51 [INFO ] [LoginSteps] - [the_user_taps_the_upload_qr_button] upload QR button
2025-05-02 15:37:55 [INFO ] [LoginSteps] - [the_user_selects_the_photo_app_and_chooses_the_qr_code_image] album
2025-05-02 15:37:57 [INFO ] [LoginSteps] - [the_user_selects_the_photo_app_and_chooses_the_qr_code_image] QR selected
2025-05-02 15:37:57 [INFO ] [LoginSteps] - [the_user_should_be_navigated_to_the_login_page] login page
2025-05-02 16:05:03 [INFO ] [LoginSteps] - [the_mobile_app_is_installed_on_the_device] Cloudcard app is installed
2025-05-02 16:05:06 [INFO ] [LoginSteps] - [the_user_launches_the_app] Cloudcard app is Launched
2025-05-02 16:05:09 [INFO ] [LoginSteps] - [the_user_completes_the_onboarding_steps] Skip button
2025-05-02 16:05:12 [INFO ] [LoginSteps] - [the_user_taps_the_upload_qr_button] upload QR button
2025-05-02 16:05:16 [INFO ] [LoginSteps] - [the_user_selects_the_photo_app_and_chooses_the_qr_code_image] album
2025-05-02 16:05:17 [INFO ] [LoginSteps] - [the_user_selects_the_photo_app_and_chooses_the_qr_code_image] QR selected
2025-05-02 16:05:17 [INFO ] [LoginSteps] - [the_user_should_be_navigated_to_the_login_page] login page
2025-05-02 16:06:18 [INFO ] [LoginSteps] - [the_mobile_app_is_installed_on_the_device] Cloudcard app is installed
2025-05-02 16:06:21 [INFO ] [LoginSteps] - [the_user_launches_the_app] Cloudcard app is Launched
2025-05-02 16:06:22 [INFO ] [LoginSteps] - [the_user_completes_the_onboarding_steps] Skip button
2025-05-02 16:06:27 [INFO ] [LoginSteps] - [the_user_taps_the_upload_qr_button] upload QR button
2025-05-02 16:06:31 [INFO ] [LoginSteps] - [the_user_selects_the_photo_app_and_chooses_the_qr_code_image] album
2025-05-02 16:06:31 [INFO ] [LoginSteps] - [the_user_selects_the_photo_app_and_chooses_the_qr_code_image] QR selected
2025-05-02 16:06:31 [INFO ] [LoginSteps] - [the_user_should_be_navigated_to_the_login_page] login page
2025-05-02 16:07:48 [INFO ] [LoginSteps] - [the_mobile_app_is_installed_on_the_device] Cloudcard app is installed
2025-05-02 16:07:51 [INFO ] [LoginSteps] - [the_user_launches_the_app] Cloudcard app is Launched
2025-05-02 16:07:52 [INFO ] [LoginSteps] - [the_user_completes_the_onboarding_steps] Skip button
2025-05-02 16:07:57 [INFO ] [LoginSteps] - [the_user_taps_the_upload_qr_button] upload QR button
2025-05-02 16:08:00 [INFO ] [LoginSteps] - [the_user_selects_the_photo_app_and_chooses_the_qr_code_image] album
2025-05-02 16:08:01 [INFO ] [LoginSteps] - [the_user_selects_the_photo_app_and_chooses_the_qr_code_image] QR selected
2025-05-02 16:08:01 [INFO ] [LoginSteps] - [the_user_should_be_navigated_to_the_login_page] login page
2025-05-02 16:11:30 [INFO ] [LoginSteps] - [the_mobile_app_is_installed_on_the_device] Cloudcard app is installed
2025-05-02 16:11:33 [INFO ] [LoginSteps] - [the_user_launches_the_app] Cloudcard app is Launched
2025-05-02 16:11:34 [INFO ] [LoginSteps] - [the_user_completes_the_onboarding_steps] Skip button
2025-05-02 16:11:39 [INFO ] [LoginSteps] - [the_user_taps_the_upload_qr_button] upload QR button
2025-05-02 16:11:43 [INFO ] [LoginSteps] - [the_user_selects_the_photo_app_and_chooses_the_qr_code_image] album
2025-05-02 16:11:44 [INFO ] [LoginSteps] - [the_user_selects_the_photo_app_and_chooses_the_qr_code_image] QR selected
2025-05-02 16:11:44 [INFO ] [LoginSteps] - [the_user_should_be_navigated_to_the_login_page] login page
2025-05-02 16:11:49 [INFO ] [LoginSteps] - [the_user_should_land_on_the_home_page_of_the_app] Home page
2025-05-02 16:13:10 [INFO ] [LoginSteps] - [the_mobile_app_is_installed_on_the_device] Cloudcard app is installed
2025-05-02 16:13:13 [INFO ] [LoginSteps] - [the_user_launches_the_app] Cloudcard app is Launched
2025-05-02 16:13:54 [INFO ] [LoginSteps] - [the_mobile_app_is_installed_on_the_device] Cloudcard app is installed
2025-05-02 16:13:57 [INFO ] [LoginSteps] - [the_user_launches_the_app] Cloudcard app is Launched
2025-05-02 16:14:43 [INFO ] [LoginSteps] - [the_mobile_app_is_installed_on_the_device] Cloudcard app is installed
2025-05-02 16:14:46 [INFO ] [LoginSteps] - [the_user_launches_the_app] Cloudcard app is Launched
2025-05-02 16:15:13 [INFO ] [LoginSteps] - [the_mobile_app_is_installed_on_the_device] Cloudcard app is installed
2025-05-02 16:15:16 [INFO ] [LoginSteps] - [the_user_launches_the_app] Cloudcard app is Launched
2025-05-02 16:15:17 [INFO ] [LoginSteps] - [the_user_completes_the_onboarding_steps] Skip button
2025-05-02 16:15:23 [INFO ] [LoginSteps] - [the_user_taps_the_upload_qr_button] upload QR button
2025-05-02 16:15:26 [INFO ] [LoginSteps] - [the_user_selects_the_photo_app_and_chooses_the_qr_code_image] album
2025-05-02 16:15:27 [INFO ] [LoginSteps] - [the_user_selects_the_photo_app_and_chooses_the_qr_code_image] QR selected
2025-05-02 16:15:27 [INFO ] [LoginSteps] - [the_user_should_be_navigated_to_the_login_page] login page
2025-05-02 16:15:36 [INFO ] [LoginSteps] - [the_user_should_land_on_the_home_page_of_the_app] Home page
2025-05-02 16:17:48 [INFO ] [LoginSteps] - [the_mobile_app_is_installed_on_the_device] Cloudcard app is installed
2025-05-02 16:17:51 [INFO ] [LoginSteps] - [the_user_launches_the_app] Cloudcard app is Launched
2025-05-02 16:17:55 [INFO ] [LoginSteps] - [the_user_completes_the_onboarding_steps] Skip button
2025-05-02 16:17:59 [INFO ] [LoginSteps] - [the_user_taps_the_upload_qr_button] upload QR button
2025-05-02 16:18:03 [INFO ] [LoginSteps] - [the_user_selects_the_photo_app_and_chooses_the_qr_code_image] album
2025-05-02 16:18:05 [INFO ] [LoginSteps] - [the_user_selects_the_photo_app_and_chooses_the_qr_code_image] QR selected
2025-05-02 16:18:05 [INFO ] [LoginSteps] - [the_user_should_be_navigated_to_the_login_page] login page
2025-05-02 16:18:10 [INFO ] [LoginSteps] - [the_user_should_land_on_the_home_page_of_the_app] Home page
2025-05-02 16:22:16 [INFO ] [LoginSteps] - [the_mobile_app_is_installed_on_the_device] Cloudcard app is installed
2025-05-02 16:22:19 [INFO ] [LoginSteps] - [the_user_launches_the_app] Cloudcard app is Launched
2025-05-02 16:22:20 [INFO ] [LoginSteps] - [the_user_completes_the_onboarding_steps] Skip button
2025-05-02 16:22:24 [INFO ] [LoginSteps] - [the_user_taps_the_upload_qr_button] upload QR button
2025-05-02 16:22:28 [INFO ] [LoginSteps] - [the_user_selects_the_photo_app_and_chooses_the_qr_code_image] album
2025-05-02 16:22:29 [INFO ] [LoginSteps] - [the_user_selects_the_photo_app_and_chooses_the_qr_code_image] QR selected
2025-05-02 16:22:29 [INFO ] [LoginSteps] - [the_user_should_be_navigated_to_the_login_page] login page
2025-05-02 16:26:07 [INFO ] [LoginSteps] - [the_mobile_app_is_installed_on_the_device] Cloudcard app is installed
2025-05-02 16:26:10 [INFO ] [LoginSteps] - [the_user_launches_the_app] Cloudcard app is Launched
2025-05-02 16:26:12 [INFO ] [LoginSteps] - [the_user_completes_the_onboarding_steps] Skip button
2025-05-02 16:26:16 [INFO ] [LoginSteps] - [the_user_taps_the_upload_qr_button] upload QR button
2025-05-02 16:26:20 [INFO ] [LoginSteps] - [the_user_selects_the_photo_app_and_chooses_the_qr_code_image] album
2025-05-02 16:29:10 [INFO ] [LoginSteps] - [the_mobile_app_is_installed_on_the_device] Cloudcard app is installed
2025-05-02 16:29:13 [INFO ] [LoginSteps] - [the_user_launches_the_app] Cloudcard app is Launched
2025-05-02 16:29:15 [INFO ] [LoginSteps] - [the_user_completes_the_onboarding_steps] Skip button
2025-05-02 16:29:20 [INFO ] [LoginSteps] - [the_user_taps_the_upload_qr_button] upload QR button
2025-05-02 16:29:23 [INFO ] [LoginSteps] - [the_user_selects_the_photo_app_and_chooses_the_qr_code_image] album
2025-05-02 16:29:26 [INFO ] [LoginSteps] - [the_user_selects_the_photo_app_and_chooses_the_qr_code_image] QR selected
2025-05-02 16:29:26 [INFO ] [LoginSteps] - [the_user_should_be_navigated_to_the_login_page] login page
2025-05-02 16:29:29 [INFO ] [LoginSteps] - [the_user_enters_the_security_pin] Security PIN
2025-05-02 16:29:39 [INFO ] [LoginSteps] - [the_user_should_land_on_the_home_page_of_the_app] Home page
2025-05-23 15:15:20 [INFO ] [LoginSteps] - [the_mobile_app_is_installed_on_the_device] Cloudcard app is installed
2025-05-23 15:15:23 [INFO ] [LoginSteps] - [the_user_launches_the_app] Cloudcard app is Launched
2025-05-23 15:15:23 [INFO ] [LoginSteps] - [the_user_completes_the_onboarding_steps] Skip button
2025-05-23 15:15:29 [INFO ] [LoginSteps] - [the_user_taps_the_upload_qr_button] upload QR button
2025-05-23 15:16:06 [INFO ] [LoginSteps] - [the_mobile_app_is_installed_on_the_device] Cloudcard app is installed
2025-05-23 15:16:09 [INFO ] [LoginSteps] - [the_user_launches_the_app] Cloudcard app is Launched
2025-05-23 15:16:44 [INFO ] [LoginSteps] - [the_mobile_app_is_installed_on_the_device] Cloudcard app is installed
2025-05-23 15:16:47 [INFO ] [LoginSteps] - [the_user_launches_the_app] Cloudcard app is Launched
2025-05-23 15:16:48 [INFO ] [LoginSteps] - [the_user_completes_the_onboarding_steps] Skip button
2025-05-23 15:16:52 [INFO ] [LoginSteps] - [the_user_taps_the_upload_qr_button] upload QR button
2025-05-23 15:17:53 [INFO ] [LoginSteps] - [the_mobile_app_is_installed_on_the_device] Cloudcard app is installed
2025-05-23 15:17:56 [INFO ] [LoginSteps] - [the_user_launches_the_app] Cloudcard app is Launched
2025-05-23 15:18:21 [INFO ] [LoginSteps] - [the_mobile_app_is_installed_on_the_device] Cloudcard app is installed
2025-05-23 15:18:24 [INFO ] [LoginSteps] - [the_user_launches_the_app] Cloudcard app is Launched
2025-05-23 15:18:25 [INFO ] [LoginSteps] - [the_user_completes_the_onboarding_steps] Skip button
2025-05-23 15:18:30 [INFO ] [LoginSteps] - [the_user_taps_the_upload_qr_button] upload QR button
2025-05-23 15:18:57 [INFO ] [LoginSteps] - [the_mobile_app_is_installed_on_the_device] Cloudcard app is installed
2025-05-23 15:19:00 [INFO ] [LoginSteps] - [the_user_launches_the_app] Cloudcard app is Launched
2025-05-23 15:19:02 [INFO ] [LoginSteps] - [the_user_completes_the_onboarding_steps] Skip button
2025-05-23 15:19:06 [INFO ] [LoginSteps] - [the_user_taps_the_upload_qr_button] upload QR button
2025-05-23 15:20:14 [INFO ] [LoginSteps] - [the_mobile_app_is_installed_on_the_device] Cloudcard app is installed
2025-05-23 15:20:17 [INFO ] [LoginSteps] - [the_user_launches_the_app] Cloudcard app is Launched
2025-05-23 15:20:29 [INFO ] [LoginSteps] - [the_user_completes_the_onboarding_steps] Skip button
2025-05-23 15:20:34 [INFO ] [LoginSteps] - [the_user_taps_the_upload_qr_button] upload QR button
2025-05-23 15:20:36 [INFO ] [LoginSteps] - [the_user_selects_the_photo_app_and_chooses_the_qr_code_image] album
2025-05-23 15:20:50 [INFO ] [LoginSteps] - [the_user_selects_the_photo_app_and_chooses_the_qr_code_image] QR selected
2025-05-23 15:20:50 [INFO ] [LoginSteps] - [the_user_should_be_navigated_to_the_login_page] login page
2025-05-23 15:20:53 [INFO ] [LoginSteps] - [the_user_enters_the_security_pin] Security PIN
2025-05-23 15:21:24 [INFO ] [LoginSteps] - [the_mobile_app_is_installed_on_the_device] Cloudcard app is installed
2025-05-23 15:21:27 [INFO ] [LoginSteps] - [the_user_launches_the_app] Cloudcard app is Launched
2025-05-23 15:21:28 [INFO ] [LoginSteps] - [the_user_completes_the_onboarding_steps] Skip button
2025-05-23 15:21:32 [INFO ] [LoginSteps] - [the_user_taps_the_upload_qr_button] upload QR button
2025-05-23 15:21:34 [INFO ] [LoginSteps] - [the_user_selects_the_photo_app_and_chooses_the_qr_code_image] album
2025-05-23 15:22:37 [INFO ] [LoginSteps] - [the_mobile_app_is_installed_on_the_device] Cloudcard app is installed
2025-05-23 15:22:40 [INFO ] [LoginSteps] - [the_user_launches_the_app] Cloudcard app is Launched
2025-05-23 15:22:42 [INFO ] [LoginSteps] - [the_user_completes_the_onboarding_steps] Skip button
2025-05-23 15:23:19 [INFO ] [LoginSteps] - [the_mobile_app_is_installed_on_the_device] Cloudcard app is installed
2025-05-23 15:23:22 [INFO ] [LoginSteps] - [the_user_launches_the_app] Cloudcard app is Launched
2025-05-23 15:23:50 [INFO ] [LoginSteps] - [the_mobile_app_is_installed_on_the_device] Cloudcard app is installed
2025-05-23 15:23:53 [INFO ] [LoginSteps] - [the_user_launches_the_app] Cloudcard app is Launched
2025-05-23 15:23:54 [INFO ] [LoginSteps] - [the_user_completes_the_onboarding_steps] Skip button
2025-05-23 15:23:54 [INFO ] [LoginSteps] - [the_user_selects_the_photo_app_and_chooses_the_qr_code_image] QR selected
2025-05-23 15:23:54 [INFO ] [LoginSteps] - [the_user_should_be_navigated_to_the_login_page] login page
2025-05-23 15:23:57 [INFO ] [LoginSteps] - [the_user_enters_the_security_pin] Security PIN
2025-05-23 15:24:07 [INFO ] [LoginSteps] - [the_user_should_land_on_the_home_page_of_the_app] Home page
2025-05-23 15:24:51 [INFO ] [LoginSteps] - [the_mobile_app_is_installed_on_the_device] Cloudcard app is installed
2025-05-23 15:24:54 [INFO ] [LoginSteps] - [the_user_launches_the_app] Cloudcard app is Launched
2025-05-23 15:25:19 [INFO ] [LoginSteps] - [the_mobile_app_is_installed_on_the_device] Cloudcard app is installed
2025-05-23 15:25:22 [INFO ] [LoginSteps] - [the_user_launches_the_app] Cloudcard app is Launched
2025-05-23 15:25:47 [INFO ] [LoginSteps] - [the_mobile_app_is_installed_on_the_device] Cloudcard app is installed
2025-05-23 15:25:50 [INFO ] [LoginSteps] - [the_user_launches_the_app] Cloudcard app is Launched
2025-05-23 15:25:51 [INFO ] [LoginSteps] - [the_user_completes_the_onboarding_steps] Skip button
2025-05-23 15:25:51 [INFO ] [LoginSteps] - [the_user_selects_the_photo_app_and_chooses_the_qr_code_image] QR selected
2025-05-23 15:25:51 [INFO ] [LoginSteps] - [the_user_should_be_navigated_to_the_login_page] login page
2025-05-23 15:25:54 [INFO ] [LoginSteps] - [the_user_enters_the_security_pin] Security PIN
2025-05-23 15:25:58 [INFO ] [LoginSteps] - [the_user_should_land_on_the_home_page_of_the_app] Home page
2025-05-23 15:59:08 [INFO ] [LoginSteps] - [the_mobile_app_is_installed_on_the_device] Cloudcard app is installed
2025-05-23 16:32:10 [INFO ] [LoginSteps] - [the_mobile_app_is_installed_on_the_device] Cloudcard app is installed
2025-05-23 16:32:13 [INFO ] [LoginSteps] - [the_user_launches_the_app] Cloudcard app is Launched
2025-05-23 16:32:14 [INFO ] [LoginSteps] - [the_user_completes_the_onboarding_steps] Skip button
2025-05-23 16:32:14 [INFO ] [LoginSteps] - [the_user_selects_the_photo_app_and_chooses_the_qr_code_image] QR selected
2025-05-23 16:32:14 [INFO ] [LoginSteps] - [the_user_should_be_navigated_to_the_login_page] login page
2025-05-23 16:32:17 [INFO ] [LoginSteps] - [the_user_enters_the_security_pin] Security PIN
2025-05-23 16:32:28 [INFO ] [LoginSteps] - [the_user_should_land_on_the_home_page_of_the_app] Home page
2025-05-23 16:32:28 [INFO ] [LoginSteps] - [the_mobile_app_is_installed_on_the_device] Cloudcard app is installed
2025-05-23 16:32:31 [INFO ] [createfolderSteps] - [user_is_logged_in] Cloudcard app is installed
2025-05-23 17:02:24 [INFO ] [LoginSteps] - [the_mobile_app_is_installed_on_the_device] Cloudcard app is installed
2025-05-23 17:02:27 [INFO ] [LoginSteps] - [the_user_launches_the_app] Cloudcard app is Launched
2025-05-23 17:02:38 [INFO ] [LoginSteps] - [the_mobile_app_is_installed_on_the_device] Cloudcard app is installed
2025-05-23 17:02:41 [INFO ] [createfolderSteps] - [user_is_logged_in] Cloudcard app is installed
2025-05-23 17:04:35 [INFO ] [LoginSteps] - [the_mobile_app_is_installed_on_the_device] Cloudcard app is installed
2025-05-23 17:04:38 [INFO ] [LoginSteps] - [the_user_launches_the_app] Cloudcard app is Launched
2025-05-23 17:04:39 [INFO ] [LoginSteps] - [the_user_completes_the_onboarding_steps] Skip button
2025-05-23 17:04:39 [INFO ] [LoginSteps] - [the_user_selects_the_photo_app_and_chooses_the_qr_code_image] QR selected
2025-05-23 17:04:39 [INFO ] [LoginSteps] - [the_user_should_be_navigated_to_the_login_page] login page
2025-05-23 17:04:42 [INFO ] [LoginSteps] - [the_user_enters_the_security_pin] Security PIN
2025-05-23 17:04:46 [INFO ] [LoginSteps] - [the_user_should_land_on_the_home_page_of_the_app] Home page
2025-05-23 17:04:46 [INFO ] [LoginSteps] - [the_mobile_app_is_installed_on_the_device] Cloudcard app is installed
2025-05-23 17:04:49 [INFO ] [createfolderSteps] - [user_is_logged_in] Cloudcard app is installed
2025-05-23 17:29:43 [INFO ] [LoginSteps] - [the_mobile_app_is_installed_on_the_device] Cloudcard app is installed
2025-05-23 17:29:46 [INFO ] [LoginSteps] - [the_user_launches_the_app] Cloudcard app is Launched
2025-05-23 17:29:56 [INFO ] [LoginSteps] - [the_mobile_app_is_installed_on_the_device] Cloudcard app is installed
2025-05-23 17:30:25 [INFO ] [LoginSteps] - [the_mobile_app_is_installed_on_the_device] Cloudcard app is installed
2025-05-23 17:30:28 [INFO ] [LoginSteps] - [the_user_launches_the_app] Cloudcard app is Launched
2025-05-23 17:30:29 [INFO ] [LoginSteps] - [the_user_completes_the_onboarding_steps] Skip button
2025-05-23 17:30:29 [INFO ] [LoginSteps] - [the_user_selects_the_photo_app_and_chooses_the_qr_code_image] QR selected
2025-05-23 17:30:29 [INFO ] [LoginSteps] - [the_user_should_be_navigated_to_the_login_page] login page
2025-05-23 17:30:32 [INFO ] [LoginSteps] - [the_user_enters_the_security_pin] Security PIN
2025-05-23 17:30:37 [INFO ] [LoginSteps] - [the_user_should_land_on_the_home_page_of_the_app] Home page
2025-05-23 17:30:37 [INFO ] [LoginSteps] - [the_mobile_app_is_installed_on_the_device] Cloudcard app is installed
2025-05-23 17:30:40 [INFO ] [createfolderSteps] - [user_is_logged_in] Cloudcard app is installed
2025-05-23 17:59:29 [INFO ] [LoginSteps] - [the_mobile_app_is_installed_on_the_device] Cloudcard app is installed
2025-05-23 17:59:32 [INFO ] [LoginSteps] - [the_user_launches_the_app] Cloudcard app is Launched
2025-05-23 17:59:33 [INFO ] [LoginSteps] - [the_user_completes_the_onboarding_steps] Skip button
2025-05-23 17:59:33 [INFO ] [LoginSteps] - [the_user_selects_the_photo_app_and_chooses_the_qr_code_image] QR selected
2025-05-23 17:59:33 [INFO ] [LoginSteps] - [the_user_should_be_navigated_to_the_login_page] login page
2025-05-23 17:59:36 [INFO ] [LoginSteps] - [the_user_enters_the_security_pin] Security PIN
2025-05-23 17:59:47 [INFO ] [LoginSteps] - [the_mobile_app_is_installed_on_the_device] Cloudcard app is installed
2025-05-23 17:59:50 [INFO ] [createfolderSteps] - [user_is_logged_in] Cloudcard app is installed
2025-05-23 18:02:51 [INFO ] [LoginSteps] - [the_mobile_app_is_installed_on_the_device] Cloudcard app is installed
2025-05-23 18:02:54 [INFO ] [LoginSteps] - [the_user_launches_the_app] Cloudcard app is Launched
2025-05-23 18:02:54 [INFO ] [LoginSteps] - [the_user_completes_the_onboarding_steps] Skip button
2025-05-23 18:02:54 [INFO ] [LoginSteps] - [the_user_selects_the_photo_app_and_chooses_the_qr_code_image] QR selected
2025-05-23 18:02:54 [INFO ] [LoginSteps] - [the_user_should_be_navigated_to_the_login_page] login page
2025-05-23 18:02:57 [INFO ] [LoginSteps] - [the_user_enters_the_security_pin] Security PIN
2025-05-23 18:03:11 [INFO ] [LoginSteps] - [the_user_should_land_on_the_home_page_of_the_app] Home page
2025-05-23 18:03:12 [INFO ] [LoginSteps] - [the_mobile_app_is_installed_on_the_device] Cloudcard app is installed
2025-05-23 18:03:15 [INFO ] [createfolderSteps] - [user_is_logged_in] Cloudcard app is installed
2025-05-29 11:02:32 [INFO ] [LoginSteps] - [the_mobile_app_is_installed_on_the_device] Cloudcard app is installed
2025-05-29 11:10:24 [INFO ] [LoginSteps] - [the_mobile_app_is_installed_on_the_device] Cloudcard app is installed
2025-05-29 11:50:54 [INFO ] [LoginSteps] - [the_mobile_app_is_installed_on_the_device] Cloudcard app is installed
2025-05-29 11:50:57 [INFO ] [gmailSignUpSteps] - [the_user_launches_the_application] Cloudcard app is installed
2025-05-29 11:51:47 [INFO ] [LoginSteps] - [the_mobile_app_is_installed_on_the_device] Cloudcard app is installed
2025-05-29 11:51:50 [INFO ] [gmailSignUpSteps] - [the_user_launches_the_application] Cloudcard app is installed
2025-05-29 11:52:49 [INFO ] [LoginSteps] - [the_mobile_app_is_installed_on_the_device] Cloudcard app is installed
2025-05-29 11:52:53 [INFO ] [gmailSignUpSteps] - [the_user_launches_the_application] Cloudcard app is installed
2025-05-29 11:53:31 [INFO ] [LoginSteps] - [the_mobile_app_is_installed_on_the_device] Cloudcard app is installed
2025-05-29 11:53:34 [INFO ] [gmailSignUpSteps] - [the_user_launches_the_application] Cloudcard app is installed
2025-05-29 11:55:13 [INFO ] [LoginSteps] - [the_mobile_app_is_installed_on_the_device] Cloudcard app is installed
2025-05-29 11:55:16 [INFO ] [gmailSignUpSteps] - [the_user_launches_the_application] Cloudcard app is installed
2025-05-29 11:55:49 [INFO ] [LoginSteps] - [the_mobile_app_is_installed_on_the_device] Cloudcard app is installed
2025-05-29 11:55:52 [INFO ] [gmailSignUpSteps] - [the_user_launches_the_application] Cloudcard app is installed
2025-05-29 11:56:27 [INFO ] [LoginSteps] - [the_mobile_app_is_installed_on_the_device] Cloudcard app is installed
2025-05-29 11:56:30 [INFO ] [gmailSignUpSteps] - [the_user_launches_the_application] Cloudcard app is installed
2025-05-29 11:56:52 [INFO ] [LoginSteps] - [the_mobile_app_is_installed_on_the_device] Cloudcard app is installed
2025-05-29 11:56:55 [INFO ] [gmailSignUpSteps] - [the_user_launches_the_application] Cloudcard app is installed
2025-05-29 11:57:26 [INFO ] [LoginSteps] - [the_mobile_app_is_installed_on_the_device] Cloudcard app is installed
2025-05-29 11:57:29 [INFO ] [gmailSignUpSteps] - [the_user_launches_the_application] Cloudcard app is installed
2025-05-29 12:08:57 [INFO ] [LoginSteps] - [the_mobile_app_is_installed_on_the_device] Cloudcard app is installed
2025-05-29 12:09:00 [INFO ] [gmailSignUpSteps] - [the_user_launches_the_application] Cloudcard app is installed
2025-05-29 12:09:48 [INFO ] [LoginSteps] - [the_mobile_app_is_installed_on_the_device] Cloudcard app is installed
2025-05-29 12:09:51 [INFO ] [gmailSignUpSteps] - [the_user_launches_the_application] Cloudcard app is installed
2025-05-29 12:10:18 [INFO ] [LoginSteps] - [the_mobile_app_is_installed_on_the_device] Cloudcard app is installed
2025-05-29 12:10:21 [INFO ] [gmailSignUpSteps] - [the_user_launches_the_application] Cloudcard app is installed
2025-05-29 12:10:52 [INFO ] [LoginSteps] - [the_mobile_app_is_installed_on_the_device] Cloudcard app is installed
2025-05-29 12:10:55 [INFO ] [gmailSignUpSteps] - [the_user_launches_the_application] Cloudcard app is installed
2025-05-29 12:11:42 [INFO ] [LoginSteps] - [the_mobile_app_is_installed_on_the_device] Cloudcard app is installed
2025-05-29 12:11:45 [INFO ] [gmailSignUpSteps] - [the_user_launches_the_application] Cloudcard app is installed
2025-05-29 12:12:37 [INFO ] [LoginSteps] - [the_mobile_app_is_installed_on_the_device] Cloudcard app is installed
2025-05-29 12:12:40 [INFO ] [gmailSignUpSteps] - [the_user_launches_the_application] Cloudcard app is installed
2025-05-29 12:13:19 [INFO ] [LoginSteps] - [the_mobile_app_is_installed_on_the_device] Cloudcard app is installed
2025-05-29 12:13:22 [INFO ] [gmailSignUpSteps] - [the_user_launches_the_application] Cloudcard app is installed
2025-05-29 12:14:26 [INFO ] [LoginSteps] - [the_mobile_app_is_installed_on_the_device] Cloudcard app is installed
2025-05-29 12:14:29 [INFO ] [gmailSignUpSteps] - [the_user_launches_the_application] Cloudcard app is installed
2025-05-29 12:15:05 [INFO ] [LoginSteps] - [the_mobile_app_is_installed_on_the_device] Cloudcard app is installed
2025-05-29 12:15:08 [INFO ] [gmailSignUpSteps] - [the_user_launches_the_application] Cloudcard app is installed
2025-05-29 12:24:11 [INFO ] [LoginSteps] - [the_mobile_app_is_installed_on_the_device] Cloudcard app is installed
2025-05-29 12:24:14 [INFO ] [gmailSignUpSteps] - [the_user_launches_the_application] Cloudcard app is installed
2025-05-29 12:25:48 [INFO ] [LoginSteps] - [the_mobile_app_is_installed_on_the_device] Cloudcard app is installed
2025-05-29 12:25:51 [INFO ] [gmailSignUpSteps] - [the_user_launches_the_application] Cloudcard app is installed
2025-05-29 12:28:56 [INFO ] [LoginSteps] - [the_mobile_app_is_installed_on_the_device] Cloudcard app is installed
2025-05-29 12:28:59 [INFO ] [gmailSignUpSteps] - [the_user_launches_the_application] Cloudcard app is installed
2025-05-29 12:34:53 [INFO ] [LoginSteps] - [the_mobile_app_is_installed_on_the_device] Cloudcard app is installed
2025-05-29 12:34:56 [INFO ] [gmailSignUpSteps] - [the_user_launches_the_application] Cloudcard app is installed
2025-05-29 12:37:36 [INFO ] [LoginSteps] - [the_mobile_app_is_installed_on_the_device] Cloudcard app is installed
2025-05-29 12:37:39 [INFO ] [gmailSignUpSteps] - [the_user_launches_the_application] Cloudcard app is installed
2025-05-29 12:41:13 [INFO ] [LoginSteps] - [the_mobile_app_is_installed_on_the_device] Cloudcard app is installed
2025-05-29 12:41:16 [INFO ] [gmailSignUpSteps] - [the_user_launches_the_application] Cloudcard app is installed
2025-05-29 12:41:45 [INFO ] [LoginSteps] - [the_mobile_app_is_installed_on_the_device] Cloudcard app is installed
2025-05-29 12:41:48 [INFO ] [gmailSignUpSteps] - [the_user_launches_the_application] Cloudcard app is installed
2025-05-29 12:47:01 [INFO ] [LoginSteps] - [the_mobile_app_is_installed_on_the_device] Cloudcard app is installed
2025-05-29 12:47:17 [INFO ] [LoginSteps] - [the_mobile_app_is_installed_on_the_device] Cloudcard app is installed
2025-05-29 12:47:20 [INFO ] [gmailSignUpSteps] - [the_user_launches_the_application] Cloudcard app is installed
2025-05-29 12:59:16 [INFO ] [LoginSteps] - [the_mobile_app_is_installed_on_the_device] Cloudcard app is installed
2025-05-29 12:59:19 [INFO ] [gmailSignUpSteps] - [the_user_launches_the_application] Cloudcard app is installed
2025-05-29 12:59:45 [INFO ] [LoginSteps] - [the_mobile_app_is_installed_on_the_device] Cloudcard app is installed
2025-05-29 12:59:48 [INFO ] [gmailSignUpSteps] - [the_user_launches_the_application] Cloudcard app is installed
2025-05-29 14:12:46 [INFO ] [LoginSteps] - [the_mobile_app_is_installed_on_the_device] Cloudcard app is installed
2025-05-29 14:12:49 [INFO ] [gmailSignUpSteps] - [the_user_launches_the_application] Cloudcard app is installed
2025-05-29 14:15:35 [INFO ] [LoginSteps] - [the_mobile_app_is_installed_on_the_device] Cloudcard app is installed
2025-05-29 14:15:38 [INFO ] [gmailSignUpSteps] - [the_user_launches_the_application] Cloudcard app is installed
2025-05-29 14:16:52 [INFO ] [LoginSteps] - [the_mobile_app_is_installed_on_the_device] Cloudcard app is installed
2025-05-29 14:16:55 [INFO ] [gmailSignUpSteps] - [the_user_launches_the_application] Cloudcard app is installed
2025-05-29 14:24:00 [INFO ] [LoginSteps] - [the_mobile_app_is_installed_on_the_device] Cloudcard app is installed
2025-05-29 14:24:03 [INFO ] [gmailSignUpSteps] - [the_user_launches_the_application] Cloudcard app is installed
2025-05-29 14:24:10 [INFO ] [gmailSignUpSteps] - [the_user_enters_a_valid_gmail_id] enters emai id
2025-05-29 14:27:24 [INFO ] [LoginSteps] - [the_mobile_app_is_installed_on_the_device] Cloudcard app is installed
2025-05-29 14:27:27 [INFO ] [gmailSignUpSteps] - [the_user_launches_the_application] Cloudcard app is installed
2025-05-29 14:27:33 [INFO ] [gmailSignUpSteps] - [the_user_enters_a_valid_gmail_id] enters email id
2025-05-29 14:37:24 [INFO ] [LoginSteps] - [the_mobile_app_is_installed_on_the_device] Cloudcard app is installed
2025-05-29 14:37:27 [INFO ] [gmailSignUpSteps] - [the_user_launches_the_application] Cloudcard app is installed
2025-05-29 14:38:33 [INFO ] [LoginSteps] - [the_mobile_app_is_installed_on_the_device] Cloudcard app is installed
2025-05-29 14:38:36 [INFO ] [gmailSignUpSteps] - [the_user_launches_the_application] Cloudcard app is installed
2025-05-29 14:38:42 [INFO ] [gmailSignUpSteps] - [the_user_enters_a_valid_email_id] enters email id
2025-05-29 14:40:44 [INFO ] [LoginSteps] - [the_mobile_app_is_installed_on_the_device] Cloudcard app is installed
2025-05-29 14:40:47 [INFO ] [gmailSignUpSteps] - [the_user_launches_the_application] Cloudcard app is installed
2025-05-29 14:42:52 [INFO ] [LoginSteps] - [the_mobile_app_is_installed_on_the_device] Cloudcard app is installed
2025-05-29 14:42:55 [INFO ] [gmailSignUpSteps] - [the_user_launches_the_application] Cloudcard app is installed
2025-05-29 14:43:09 [INFO ] [gmailSignUpSteps] - [the_user_enters_a_valid_email_id] enters email id
2025-05-29 14:44:36 [INFO ] [LoginSteps] - [the_mobile_app_is_installed_on_the_device] Cloudcard app is installed
2025-05-29 14:44:39 [INFO ] [gmailSignUpSteps] - [the_user_launches_the_application] Cloudcard app is installed
2025-05-29 14:44:45 [INFO ] [gmailSignUpSteps] - [the_user_enters_a_valid_email_id] enters email id
2025-05-29 14:46:07 [INFO ] [LoginSteps] - [the_mobile_app_is_installed_on_the_device] Cloudcard app is installed
2025-05-29 14:46:10 [INFO ] [gmailSignUpSteps] - [the_user_launches_the_application] Cloudcard app is installed
2025-05-29 14:46:21 [INFO ] [gmailSignUpSteps] - [the_user_enters_a_valid_email_id] enters email id
2025-05-29 14:48:08 [INFO ] [LoginSteps] - [the_mobile_app_is_installed_on_the_device] Cloudcard app is installed
2025-05-29 14:48:11 [INFO ] [gmailSignUpSteps] - [the_user_launches_the_application] Cloudcard app is installed
2025-05-29 14:48:51 [INFO ] [LoginSteps] - [the_mobile_app_is_installed_on_the_device] Cloudcard app is installed
2025-05-29 14:48:54 [INFO ] [gmailSignUpSteps] - [the_user_launches_the_application] Cloudcard app is installed
2025-05-29 14:49:01 [INFO ] [gmailSignUpSteps] - [the_user_enters_a_valid_email_id] enters email id
2025-05-29 14:54:32 [INFO ] [LoginSteps] - [the_mobile_app_is_installed_on_the_device] Cloudcard app is installed
2025-05-29 14:54:35 [INFO ] [gmailSignUpSteps] - [the_user_launches_the_application] Cloudcard app is installed
2025-05-29 14:54:41 [INFO ] [gmailSignUpSteps] - [the_user_enters_a_valid_email_id] enters email id
2025-05-29 14:58:25 [INFO ] [LoginSteps] - [the_mobile_app_is_installed_on_the_device] Cloudcard app is installed
2025-05-29 14:58:28 [INFO ] [gmailSignUpSteps] - [the_user_launches_the_application] Cloudcard app is installed
2025-05-29 14:58:34 [INFO ] [gmailSignUpSteps] - [the_user_enters_a_valid_email_id] enters email id
2025-05-29 15:02:38 [INFO ] [LoginSteps] - [the_mobile_app_is_installed_on_the_device] Cloudcard app is installed
2025-05-29 15:02:41 [INFO ] [gmailSignUpSteps] - [the_user_launches_the_application] Cloudcard app is installed
2025-05-29 15:02:48 [INFO ] [gmailSignUpSteps] - [the_user_enters_a_valid_email_id] enters email id
2025-05-29 15:02:56 [INFO ] [gmailSignUpSteps] - [the_user_taps_the_verify_email_button_inside_the_email] Verification link 
2025-05-29 15:07:49 [INFO ] [LoginSteps] - [the_mobile_app_is_installed_on_the_device] Cloudcard app is installed
2025-05-29 15:07:52 [INFO ] [gmailSignUpSteps] - [the_user_launches_the_application] Cloudcard app is installed
2025-05-29 15:07:59 [INFO ] [gmailSignUpSteps] - [the_user_enters_a_valid_email_id] enters email id
2025-05-29 15:08:09 [INFO ] [gmailSignUpSteps] - [the_user_taps_the_verify_email_button_inside_the_email] Verification link 
2025-05-29 15:09:17 [INFO ] [LoginSteps] - [the_mobile_app_is_installed_on_the_device] Cloudcard app is installed
2025-05-29 15:09:20 [INFO ] [gmailSignUpSteps] - [the_user_launches_the_application] Cloudcard app is installed
2025-05-29 15:09:58 [INFO ] [LoginSteps] - [the_mobile_app_is_installed_on_the_device] Cloudcard app is installed
2025-05-29 15:10:01 [INFO ] [gmailSignUpSteps] - [the_user_launches_the_application] Cloudcard app is installed
2025-05-29 15:10:07 [INFO ] [gmailSignUpSteps] - [the_user_enters_a_valid_email_id] enters email id
2025-05-29 15:10:17 [INFO ] [gmailSignUpSteps] - [the_user_taps_the_verify_email_button_inside_the_email] Verification link 
2025-05-29 15:17:02 [INFO ] [LoginSteps] - [the_mobile_app_is_installed_on_the_device] Cloudcard app is installed
2025-05-29 15:17:05 [INFO ] [gmailSignUpSteps] - [the_user_launches_the_application] Cloudcard app is installed
2025-05-29 15:17:11 [INFO ] [gmailSignUpSteps] - [the_user_enters_a_valid_email_id] enters email id
2025-05-29 15:17:21 [INFO ] [gmailSignUpSteps] - [the_user_taps_the_verify_email_button_inside_the_email] Verifying email using deep link...
2025-05-29 15:20:41 [INFO ] [LoginSteps] - [the_mobile_app_is_installed_on_the_device] Cloudcard app is installed
2025-05-29 15:20:44 [INFO ] [gmailSignUpSteps] - [the_user_launches_the_application] Cloudcard app is installed
2025-05-29 15:20:50 [INFO ] [gmailSignUpSteps] - [the_user_enters_a_valid_email_id] enters email id
2025-05-29 15:20:59 [INFO ] [gmailSignUpSteps] - [the_user_taps_the_verify_email_button_inside_the_email] Verifying email using deep link...
2025-05-29 15:21:46 [INFO ] [LoginSteps] - [the_mobile_app_is_installed_on_the_device] Cloudcard app is installed
2025-05-29 15:21:49 [INFO ] [gmailSignUpSteps] - [the_user_launches_the_application] Cloudcard app is installed
2025-05-29 15:21:55 [INFO ] [gmailSignUpSteps] - [the_user_enters_a_valid_email_id] enters email id
2025-05-29 15:22:07 [INFO ] [gmailSignUpSteps] - [the_user_taps_the_verify_email_button_inside_the_email] Verifying email using deep link...
2025-05-29 15:24:02 [INFO ] [LoginSteps] - [the_mobile_app_is_installed_on_the_device] Cloudcard app is installed
2025-05-29 15:24:05 [INFO ] [gmailSignUpSteps] - [the_user_launches_the_application] Cloudcard app is installed
2025-05-29 15:24:45 [INFO ] [LoginSteps] - [the_mobile_app_is_installed_on_the_device] Cloudcard app is installed
2025-05-29 15:24:48 [INFO ] [gmailSignUpSteps] - [the_user_launches_the_application] Cloudcard app is installed
2025-05-29 15:24:55 [INFO ] [gmailSignUpSteps] - [the_user_enters_a_valid_email_id] enters email id
2025-05-29 15:25:04 [INFO ] [gmailSignUpSteps] - [the_user_taps_the_verify_email_button_inside_the_email] Verifying email using deep link...
2025-05-29 15:38:12 [INFO ] [LoginSteps] - [the_mobile_app_is_installed_on_the_device] Cloudcard app is installed
2025-05-29 15:38:15 [INFO ] [gmailSignUpSteps] - [the_user_launches_the_application] Cloudcard app is installed
2025-05-29 15:38:32 [INFO ] [LoginSteps] - [the_mobile_app_is_installed_on_the_device] Cloudcard app is installed
2025-05-29 15:38:35 [INFO ] [gmailSignUpSteps] - [the_user_launches_the_application] Cloudcard app is installed
2025-05-29 15:38:41 [INFO ] [gmailSignUpSteps] - [the_user_enters_a_valid_email_id] enters email id
2025-05-29 15:38:51 [INFO ] [gmailSignUpSteps] - [the_user_taps_the_verify_email_button_inside_the_email] Verifying email using deep link...
2025-05-29 15:39:40 [INFO ] [LoginSteps] - [the_mobile_app_is_installed_on_the_device] Cloudcard app is installed
2025-05-29 15:39:43 [INFO ] [gmailSignUpSteps] - [the_user_launches_the_application] Cloudcard app is installed
2025-05-29 15:39:56 [INFO ] [gmailSignUpSteps] - [the_user_enters_a_valid_email_id] enters email id
2025-05-29 15:40:06 [INFO ] [gmailSignUpSteps] - [the_user_taps_the_verify_email_button_inside_the_email] Verifying email using deep link...
2025-05-29 15:54:12 [INFO ] [LoginSteps] - [the_mobile_app_is_installed_on_the_device] Cloudcard app is installed
2025-05-29 15:54:15 [INFO ] [gmailSignUpSteps] - [the_user_launches_the_application] Cloudcard app is installed
2025-05-29 15:54:33 [INFO ] [LoginSteps] - [the_mobile_app_is_installed_on_the_device] Cloudcard app is installed
2025-05-29 15:54:36 [INFO ] [gmailSignUpSteps] - [the_user_launches_the_application] Cloudcard app is installed
2025-05-29 15:54:46 [INFO ] [gmailSignUpSteps] - [the_user_enters_a_valid_email_id] enters email id
2025-05-29 15:54:56 [INFO ] [gmailSignUpSteps] - [the_user_taps_the_verify_email_button_inside_the_email] Verifying email using deep link...
2025-05-29 15:59:17 [INFO ] [LoginSteps] - [the_mobile_app_is_installed_on_the_device] Cloudcard app is installed
2025-05-29 15:59:20 [INFO ] [gmailSignUpSteps] - [the_user_launches_the_application] Cloudcard app is installed
2025-05-29 15:59:32 [INFO ] [gmailSignUpSteps] - [the_user_enters_a_valid_email_id] enters email id
2025-05-29 15:59:42 [INFO ] [gmailSignUpSteps] - [the_user_taps_the_verify_email_button_inside_the_email] Fetching the verification link from Mailosaur...
2025-05-29 15:59:43 [INFO ] [gmailSignUpSteps] - [the_user_taps_the_verify_email_button_inside_the_email] Opening the deep link in the app...
2025-05-29 16:03:53 [INFO ] [LoginSteps] - [the_mobile_app_is_installed_on_the_device] Cloudcard app is installed
2025-05-29 16:03:56 [INFO ] [gmailSignUpSteps] - [the_user_launches_the_application] Cloudcard app is installed
2025-05-29 16:04:02 [INFO ] [gmailSignUpSteps] - [the_user_enters_a_valid_email_id] enters email id
2025-05-29 16:04:11 [INFO ] [gmailSignUpSteps] - [the_user_taps_the_verify_email_button_inside_the_email] Verifying email using deep link...
2025-05-29 16:34:16 [INFO ] [LoginSteps] - [the_mobile_app_is_installed_on_the_device] Cloudcard app is installed
2025-05-29 16:34:39 [INFO ] [LoginSteps] - [the_mobile_app_is_installed_on_the_device] Cloudcard app is installed
2025-05-29 16:34:42 [INFO ] [gmailSignUpSteps] - [the_user_launches_the_application] Cloudcard app is installed
2025-05-29 16:34:48 [INFO ] [gmailSignUpSteps] - [the_user_enters_a_valid_email_id] enters email id
2025-05-29 16:34:57 [INFO ] [gmailSignUpSteps] - [the_user_taps_the_verify_email_button_inside_the_email] Verifying email using deep link...
2025-05-29 16:39:48 [INFO ] [LoginSteps] - [the_mobile_app_is_installed_on_the_device] Cloudcard app is installed
2025-05-29 16:39:51 [INFO ] [gmailSignUpSteps] - [the_user_launches_the_application] Cloudcard app is installed
2025-05-29 16:39:57 [INFO ] [gmailSignUpSteps] - [the_user_enters_a_valid_email_id] enters email id
2025-05-29 16:40:06 [INFO ] [gmailSignUpSteps] - [the_user_taps_the_verify_email_button_inside_the_email] Verifying email using deep link...
2025-05-29 16:41:41 [INFO ] [LoginSteps] - [the_mobile_app_is_installed_on_the_device] Cloudcard app is installed
2025-05-29 16:41:44 [INFO ] [gmailSignUpSteps] - [the_user_launches_the_application] Cloudcard app is installed
2025-05-29 16:42:05 [INFO ] [LoginSteps] - [the_mobile_app_is_installed_on_the_device] Cloudcard app is installed
2025-05-29 16:42:08 [INFO ] [gmailSignUpSteps] - [the_user_launches_the_application] Cloudcard app is installed
2025-05-29 16:42:14 [INFO ] [gmailSignUpSteps] - [the_user_enters_a_valid_email_id] enters email id
2025-05-29 16:42:23 [INFO ] [gmailSignUpSteps] - [the_user_taps_the_verify_email_button_inside_the_email] Verifying email using deep link...
2025-05-29 16:43:59 [INFO ] [LoginSteps] - [the_mobile_app_is_installed_on_the_device] Cloudcard app is installed
2025-05-29 16:44:02 [INFO ] [gmailSignUpSteps] - [the_user_launches_the_application] Cloudcard app is installed
2025-05-29 16:44:09 [INFO ] [gmailSignUpSteps] - [the_user_enters_a_valid_email_id] enters email id
2025-05-29 16:44:20 [INFO ] [gmailSignUpSteps] - [the_user_taps_the_verify_email_button_inside_the_email] Verifying email using deep link...
2025-05-29 16:44:56 [INFO ] [LoginSteps] - [the_mobile_app_is_installed_on_the_device] Cloudcard app is installed
2025-05-29 16:44:59 [INFO ] [gmailSignUpSteps] - [the_user_launches_the_application] Cloudcard app is installed
2025-05-29 16:45:07 [INFO ] [gmailSignUpSteps] - [the_user_enters_a_valid_email_id] enters email id
2025-05-29 16:45:16 [INFO ] [gmailSignUpSteps] - [the_user_taps_the_verify_email_button_inside_the_email] Verifying email using deep link...
2025-05-29 16:46:03 [INFO ] [LoginSteps] - [the_mobile_app_is_installed_on_the_device] Cloudcard app is installed
2025-05-29 16:46:06 [INFO ] [gmailSignUpSteps] - [the_user_launches_the_application] Cloudcard app is installed
2025-05-29 16:46:30 [INFO ] [LoginSteps] - [the_mobile_app_is_installed_on_the_device] Cloudcard app is installed
2025-05-29 16:46:33 [INFO ] [gmailSignUpSteps] - [the_user_launches_the_application] Cloudcard app is installed
2025-05-29 16:46:39 [INFO ] [gmailSignUpSteps] - [the_user_enters_a_valid_email_id] enters email id
2025-05-29 16:46:50 [INFO ] [gmailSignUpSteps] - [the_user_taps_the_verify_email_button_inside_the_email] Verifying email using deep link...
2025-05-29 16:48:02 [INFO ] [LoginSteps] - [the_mobile_app_is_installed_on_the_device] Cloudcard app is installed
2025-05-29 16:48:05 [INFO ] [gmailSignUpSteps] - [the_user_launches_the_application] Cloudcard app is installed
2025-05-29 16:48:31 [INFO ] [LoginSteps] - [the_mobile_app_is_installed_on_the_device] Cloudcard app is installed
2025-05-29 16:48:34 [INFO ] [gmailSignUpSteps] - [the_user_launches_the_application] Cloudcard app is installed
2025-05-29 16:48:41 [INFO ] [gmailSignUpSteps] - [the_user_enters_a_valid_email_id] enters email id
2025-05-29 16:48:50 [INFO ] [gmailSignUpSteps] - [the_user_taps_the_verify_email_button_inside_the_email] Verifying email using deep link...
2025-05-29 16:56:10 [INFO ] [LoginSteps] - [the_mobile_app_is_installed_on_the_device] Cloudcard app is installed
2025-05-29 16:56:13 [INFO ] [gmailSignUpSteps] - [the_user_launches_the_application] Cloudcard app is installed
2025-05-29 16:58:01 [INFO ] [LoginSteps] - [the_mobile_app_is_installed_on_the_device] Cloudcard app is installed
2025-05-29 16:58:04 [INFO ] [gmailSignUpSteps] - [the_user_launches_the_application] Cloudcard app is installed
2025-05-29 16:58:10 [INFO ] [gmailSignUpSteps] - [the_user_enters_a_valid_email_id] enters email id
2025-05-29 16:58:20 [INFO ] [gmailSignUpSteps] - [the_user_taps_the_verify_email_button_inside_the_email] Verifying email using deep link...
2025-05-29 17:05:53 [INFO ] [LoginSteps] - [the_mobile_app_is_installed_on_the_device] Cloudcard app is installed
2025-05-29 17:05:56 [INFO ] [gmailSignUpSteps] - [the_user_launches_the_application] Cloudcard app is installed
2025-05-29 17:06:02 [INFO ] [gmailSignUpSteps] - [the_user_enters_a_valid_email_id] enters email id
2025-05-29 17:06:12 [INFO ] [gmailSignUpSteps] - [the_user_taps_the_verify_email_button_inside_the_email] Verifying email using deep link...
2025-05-29 17:11:11 [INFO ] [LoginSteps] - [the_mobile_app_is_installed_on_the_device] Cloudcard app is installed
2025-05-29 17:11:14 [INFO ] [gmailSignUpSteps] - [the_user_launches_the_application] Cloudcard app is installed
2025-05-29 17:11:21 [INFO ] [gmailSignUpSteps] - [the_user_enters_a_valid_email_id] enters email id
2025-05-29 17:11:32 [INFO ] [gmailSignUpSteps] - [the_user_taps_the_verify_email_button_inside_the_email] Verifying email using deep link...
2025-05-29 17:12:47 [INFO ] [LoginSteps] - [the_mobile_app_is_installed_on_the_device] Cloudcard app is installed
2025-05-29 17:12:50 [INFO ] [gmailSignUpSteps] - [the_user_launches_the_application] Cloudcard app is installed
2025-05-29 17:12:57 [INFO ] [gmailSignUpSteps] - [the_user_enters_a_valid_email_id] enters email id
2025-05-29 17:13:05 [INFO ] [gmailSignUpSteps] - [the_user_taps_the_verify_email_button_inside_the_email] Verifying email using deep link...
2025-05-29 17:16:58 [INFO ] [LoginSteps] - [the_mobile_app_is_installed_on_the_device] Cloudcard app is installed
2025-05-29 17:17:01 [INFO ] [gmailSignUpSteps] - [the_user_launches_the_application] Cloudcard app is installed
2025-05-29 17:17:07 [INFO ] [gmailSignUpSteps] - [the_user_enters_a_valid_email_id] enters email id
2025-05-29 17:17:17 [INFO ] [gmailSignUpSteps] - [the_user_taps_the_verify_email_button_inside_the_email] Verifying email using deep link...
2025-05-29 17:20:29 [INFO ] [LoginSteps] - [the_mobile_app_is_installed_on_the_device] Cloudcard app is installed
2025-05-29 17:20:32 [INFO ] [gmailSignUpSteps] - [the_user_launches_the_application] Cloudcard app is installed
2025-05-29 17:20:39 [INFO ] [gmailSignUpSteps] - [the_user_enters_a_valid_email_id] enters email id
2025-05-29 17:20:47 [INFO ] [gmailSignUpSteps] - [the_user_taps_the_verify_email_button_inside_the_email] Verifying email using deep link...
2025-05-29 17:26:22 [INFO ] [LoginSteps] - [the_mobile_app_is_installed_on_the_device] Cloudcard app is installed
2025-05-29 17:26:25 [INFO ] [gmailSignUpSteps] - [the_user_launches_the_application] Cloudcard app is installed
2025-05-29 17:26:33 [INFO ] [gmailSignUpSteps] - [the_user_enters_a_valid_email_id] enters email id
2025-05-29 17:26:43 [INFO ] [gmailSignUpSteps] - [the_user_taps_the_verify_email_button_inside_the_email] Verifying email using deep link...
2025-05-29 17:28:35 [INFO ] [LoginSteps] - [the_mobile_app_is_installed_on_the_device] Cloudcard app is installed
2025-05-29 17:28:38 [INFO ] [gmailSignUpSteps] - [the_user_launches_the_application] Cloudcard app is installed
2025-05-29 17:28:45 [INFO ] [gmailSignUpSteps] - [the_user_enters_a_valid_email_id] enters email id
2025-05-29 17:28:57 [INFO ] [gmailSignUpSteps] - [the_user_taps_the_verify_email_button_inside_the_email] Verifying email using deep link...
2025-05-29 17:29:47 [INFO ] [LoginSteps] - [the_mobile_app_is_installed_on_the_device] Cloudcard app is installed
2025-05-29 17:29:50 [INFO ] [gmailSignUpSteps] - [the_user_launches_the_application] Cloudcard app is installed
2025-05-29 17:29:56 [INFO ] [gmailSignUpSteps] - [the_user_enters_a_valid_email_id] enters email id
2025-05-29 17:30:05 [INFO ] [gmailSignUpSteps] - [the_user_taps_the_verify_email_button_inside_the_email] Verifying email using deep link...
2025-05-29 17:31:53 [INFO ] [LoginSteps] - [the_mobile_app_is_installed_on_the_device] Cloudcard app is installed
2025-05-29 17:31:56 [INFO ] [gmailSignUpSteps] - [the_user_launches_the_application] Cloudcard app is installed
2025-05-29 17:33:40 [INFO ] [LoginSteps] - [the_mobile_app_is_installed_on_the_device] Cloudcard app is installed
2025-05-29 17:33:43 [INFO ] [gmailSignUpSteps] - [the_user_launches_the_application] Cloudcard app is installed
2025-05-29 17:33:50 [INFO ] [gmailSignUpSteps] - [the_user_enters_a_valid_email_id] enters email id
2025-05-29 17:34:00 [INFO ] [gmailSignUpSteps] - [the_user_taps_the_verify_email_button_inside_the_email] Verifying email using deep link...
2025-05-29 17:38:05 [INFO ] [LoginSteps] - [the_mobile_app_is_installed_on_the_device] Cloudcard app is installed
2025-05-29 17:38:08 [INFO ] [gmailSignUpSteps] - [the_user_launches_the_application] Cloudcard app is installed
2025-05-29 17:38:15 [INFO ] [gmailSignUpSteps] - [the_user_enters_a_valid_email_id] enters email id
2025-05-29 17:38:27 [INFO ] [gmailSignUpSteps] - [the_user_taps_the_verify_email_button_inside_the_email] Verifying email using deep link...
2025-05-29 17:39:52 [INFO ] [LoginSteps] - [the_mobile_app_is_installed_on_the_device] Cloudcard app is installed
2025-05-29 17:39:55 [INFO ] [gmailSignUpSteps] - [the_user_launches_the_application] Cloudcard app is installed
2025-05-29 17:41:17 [INFO ] [LoginSteps] - [the_mobile_app_is_installed_on_the_device] Cloudcard app is installed
2025-05-29 17:41:20 [INFO ] [gmailSignUpSteps] - [the_user_launches_the_application] Cloudcard app is installed
2025-05-29 17:41:28 [INFO ] [gmailSignUpSteps] - [the_user_enters_a_valid_email_id] enters email id
2025-05-29 17:41:40 [INFO ] [gmailSignUpSteps] - [the_user_taps_the_verify_email_button_inside_the_email] Verifying email using deep link...
2025-05-29 17:54:55 [INFO ] [LoginSteps] - [the_mobile_app_is_installed_on_the_device] Cloudcard app is installed
2025-05-29 17:54:58 [INFO ] [gmailSignUpSteps] - [the_user_launches_the_application] Cloudcard app is installed
2025-05-29 17:55:05 [INFO ] [gmailSignUpSteps] - [the_user_enters_a_valid_email_id] enters email id
2025-05-29 17:55:14 [INFO ] [gmailSignUpSteps] - [the_user_taps_the_verify_email_button_inside_the_email] Fetching email verification link...
2025-05-29 17:55:15 [INFO ] [gmailSignUpSteps] - [the_user_taps_the_verify_email_button_inside_the_email] Launching Chrome to open the verification link...
2025-05-29 17:57:33 [INFO ] [LoginSteps] - [the_mobile_app_is_installed_on_the_device] Cloudcard app is installed
2025-05-29 17:57:36 [INFO ] [gmailSignUpSteps] - [the_user_launches_the_application] Cloudcard app is installed
2025-05-29 17:57:45 [INFO ] [gmailSignUpSteps] - [the_user_enters_a_valid_email_id] enters email id
2025-05-29 17:57:58 [INFO ] [gmailSignUpSteps] - [the_user_taps_the_verify_email_button_inside_the_email] Fetching email verification link...
2025-05-29 17:57:59 [INFO ] [gmailSignUpSteps] - [the_user_taps_the_verify_email_button_inside_the_email] Launching Chrome to open the verification link...
2025-05-29 18:02:33 [INFO ] [LoginSteps] - [the_mobile_app_is_installed_on_the_device] Cloudcard app is installed
2025-05-29 18:02:36 [INFO ] [gmailSignUpSteps] - [the_user_launches_the_application] Cloudcard app is installed
2025-05-29 18:02:42 [INFO ] [gmailSignUpSteps] - [the_user_enters_a_valid_email_id] enters email id
2025-05-29 18:02:53 [INFO ] [gmailSignUpSteps] - [the_user_taps_the_verify_email_button_inside_the_email] Fetching email verification link...
2025-05-29 18:04:29 [INFO ] [LoginSteps] - [the_mobile_app_is_installed_on_the_device] Cloudcard app is installed
2025-05-29 18:04:33 [INFO ] [gmailSignUpSteps] - [the_user_launches_the_application] Cloudcard app is installed
2025-05-29 18:04:40 [INFO ] [gmailSignUpSteps] - [the_user_enters_a_valid_email_id] enters email id
2025-05-29 18:04:54 [INFO ] [gmailSignUpSteps] - [the_user_taps_the_verify_email_button_inside_the_email] Fetching email verification link...
2025-05-29 18:04:56 [INFO ] [gmailSignUpSteps] - [the_user_taps_the_verify_email_button_inside_the_email] Response Code: 200
2025-05-29 18:04:56 [INFO ] [gmailSignUpSteps] - [the_user_taps_the_verify_email_button_inside_the_email] Returned to app after email verification.
2025-05-29 18:24:38 [INFO ] [LoginSteps] - [the_mobile_app_is_installed_on_the_device] Cloudcard app is installed
2025-05-29 18:24:41 [INFO ] [gmailSignUpSteps] - [the_user_launches_the_application] Cloudcard app is installed
2025-05-29 18:24:48 [INFO ] [gmailSignUpSteps] - [the_user_enters_a_valid_email_id] enters email id
2025-05-29 18:25:00 [INFO ] [gmailSignUpSteps] - [the_user_taps_the_verify_email_button_inside_the_email] Fetching email verification link...
2025-05-29 18:25:02 [INFO ] [gmailSignUpSteps] - [the_user_taps_the_verify_email_button_inside_the_email] Response Code: 200
2025-05-29 18:25:02 [INFO ] [gmailSignUpSteps] - [the_user_taps_the_verify_email_button_inside_the_email] Returned to app after email verification.
2025-05-30 15:30:01 [INFO ] [LoginSteps] - [the_mobile_app_is_installed_on_the_device] Cloudcard app is installed
2025-05-30 15:30:04 [INFO ] [gmailSignUpSteps] - [the_user_launches_the_application] Cloudcard app is installed
2025-05-30 15:30:13 [INFO ] [gmailSignUpSteps] - [the_user_enters_a_valid_email_id] enters email id
2025-05-30 15:30:50 [INFO ] [LoginSteps] - [the_mobile_app_is_installed_on_the_device] Cloudcard app is installed
2025-05-30 15:30:53 [INFO ] [gmailSignUpSteps] - [the_user_launches_the_application] Cloudcard app is installed
2025-05-30 15:31:35 [INFO ] [LoginSteps] - [the_mobile_app_is_installed_on_the_device] Cloudcard app is installed
2025-05-30 15:31:38 [INFO ] [gmailSignUpSteps] - [the_user_launches_the_application] Cloudcard app is installed
2025-05-30 15:31:44 [INFO ] [gmailSignUpSteps] - [the_user_enters_a_valid_email_id] enters email id
2025-05-30 15:31:54 [INFO ] [gmailSignUpSteps] - [the_user_taps_the_verify_email_button_inside_the_email] Fetching email verification link...
2025-05-30 15:31:57 [INFO ] [gmailSignUpSteps] - [the_user_taps_the_verify_email_button_inside_the_email] POST Response Code: 405
2025-05-30 15:33:28 [INFO ] [LoginSteps] - [the_mobile_app_is_installed_on_the_device] Cloudcard app is installed
2025-05-30 15:33:31 [INFO ] [gmailSignUpSteps] - [the_user_launches_the_application] Cloudcard app is installed
2025-05-30 15:33:56 [INFO ] [LoginSteps] - [the_mobile_app_is_installed_on_the_device] Cloudcard app is installed
2025-05-30 15:33:59 [INFO ] [gmailSignUpSteps] - [the_user_launches_the_application] Cloudcard app is installed
2025-05-30 15:34:06 [INFO ] [gmailSignUpSteps] - [the_user_enters_a_valid_email_id] enters email id
2025-05-30 15:34:16 [INFO ] [gmailSignUpSteps] - [the_user_taps_the_verify_email_button_inside_the_email] Fetching email verification link...
2025-05-30 15:34:17 [INFO ] [gmailSignUpSteps] - [the_user_taps_the_verify_email_button_inside_the_email] POST Response Code: 200
2025-05-30 15:34:17 [INFO ] [gmailSignUpSteps] - [the_user_taps_the_verify_email_button_inside_the_email] Returned to app after email verification.
2025-05-30 15:38:08 [INFO ] [LoginSteps] - [the_mobile_app_is_installed_on_the_device] Cloudcard app is installed
2025-05-30 15:38:11 [INFO ] [gmailSignUpSteps] - [the_user_launches_the_application] Cloudcard app is installed
2025-05-30 15:38:45 [INFO ] [LoginSteps] - [the_mobile_app_is_installed_on_the_device] Cloudcard app is installed
2025-05-30 15:38:48 [INFO ] [gmailSignUpSteps] - [the_user_launches_the_application] Cloudcard app is installed
2025-05-30 15:38:54 [INFO ] [gmailSignUpSteps] - [the_user_enters_a_valid_email_id] enters email id
2025-05-30 15:39:04 [INFO ] [gmailSignUpSteps] - [the_user_taps_the_verify_email_button_inside_the_email] Fetching email verification link...
2025-05-30 15:39:06 [INFO ] [gmailSignUpSteps] - [the_user_taps_the_verify_email_button_inside_the_email] POST Response Code: 200
2025-05-30 15:39:06 [INFO ] [gmailSignUpSteps] - [the_user_taps_the_verify_email_button_inside_the_email] Returned to app after email verification.
2025-05-30 15:41:28 [INFO ] [LoginSteps] - [the_mobile_app_is_installed_on_the_device] Cloudcard app is installed
2025-05-30 15:41:32 [INFO ] [gmailSignUpSteps] - [the_user_launches_the_application] Cloudcard app is installed
2025-05-30 15:41:38 [INFO ] [gmailSignUpSteps] - [the_user_enters_a_valid_email_id] enters email id
2025-05-30 15:41:48 [INFO ] [gmailSignUpSteps] - [the_user_taps_the_verify_email_button_inside_the_email] Fetching email verification link...
2025-05-30 15:41:49 [INFO ] [gmailSignUpSteps] - [the_user_taps_the_verify_email_button_inside_the_email] GET Response Code: 200
2025-05-30 15:41:49 [INFO ] [gmailSignUpSteps] - [the_user_taps_the_verify_email_button_inside_the_email] Response Body: {"success":0,"message":"Invalid link","data":[]}
2025-05-30 15:41:49 [INFO ] [gmailSignUpSteps] - [the_user_taps_the_verify_email_button_inside_the_email] Returned to app after email verification.
2025-05-30 15:45:37 [INFO ] [LoginSteps] - [the_mobile_app_is_installed_on_the_device] Cloudcard app is installed
2025-05-30 15:45:40 [INFO ] [gmailSignUpSteps] - [the_user_launches_the_application] Cloudcard app is installed
2025-05-30 15:45:46 [INFO ] [gmailSignUpSteps] - [the_user_enters_a_valid_email_id] enters email id
2025-05-30 15:45:57 [INFO ] [gmailSignUpSteps] - [the_user_taps_the_verify_email_button_inside_the_email] Fetching email verification link...
2025-05-30 15:46:03 [INFO ] [gmailSignUpSteps] - [the_user_taps_the_verify_email_button_inside_the_email] GET Response Code: 200
2025-05-30 15:46:03 [INFO ] [gmailSignUpSteps] - [the_user_taps_the_verify_email_button_inside_the_email] Response Body: {"success":1,"message":"Email verified successfully","data":[]}
2025-05-30 15:46:03 [INFO ] [gmailSignUpSteps] - [the_user_taps_the_verify_email_button_inside_the_email] Returned to app after email verification.
2025-05-30 15:46:13 [INFO ] [LoginSteps] - [the_user_should_land_on_the_home_page_of_the_app] Home page
2025-05-30 16:53:38 [INFO ] [LoginSteps] - [the_mobile_app_is_installed_on_the_device] Cloudcard app is installed
2025-05-30 16:53:41 [INFO ] [gmailSignUpSteps] - [the_user_launches_the_application] Cloudcard app is installed
2025-05-30 16:53:56 [INFO ] [LoginSteps] - [the_mobile_app_is_installed_on_the_device] Cloudcard app is installed
2025-05-30 16:53:59 [INFO ] [gmailSignUpSteps] - [the_user_launches_the_application] Cloudcard app is installed
2025-05-30 16:55:40 [INFO ] [LoginSteps] - [the_mobile_app_is_installed_on_the_device] Cloudcard app is installed
2025-05-30 16:55:43 [INFO ] [gmailSignUpSteps] - [the_user_launches_the_application] Cloudcard app is installed
2025-05-30 16:55:49 [INFO ] [gmailSignUpSteps] - [the_user_enters_a_valid_email_id] enters email id
2025-05-30 16:55:59 [INFO ] [gmailSignUpSteps] - [the_user_taps_the_verify_email_button_inside_the_email] Fetching email verification link...
2025-05-30 16:56:06 [INFO ] [gmailSignUpSteps] - [the_user_taps_the_verify_email_button_inside_the_email] GET Response Code: 200
2025-05-30 16:56:06 [INFO ] [gmailSignUpSteps] - [the_user_taps_the_verify_email_button_inside_the_email] Response Body: {"success":1,"message":"Email verified successfully","data":[]}
2025-05-30 16:56:06 [INFO ] [gmailSignUpSteps] - [the_user_taps_the_verify_email_button_inside_the_email] Returned to app after email verification.
2025-05-30 16:56:15 [INFO ] [LoginSteps] - [the_user_should_land_on_the_home_page_of_the_app] Home page
2025-05-30 16:56:28 [INFO ] [LoginSteps] - [the_mobile_app_is_installed_on_the_device] Cloudcard app is installed
2025-05-30 16:56:31 [INFO ] [gmailSignUpSteps] - [the_user_launches_the_application] Cloudcard app is installed
2025-05-30 17:00:18 [INFO ] [LoginSteps] - [the_mobile_app_is_installed_on_the_device] Cloudcard app is installed
2025-05-30 17:00:21 [INFO ] [gmailSignUpSteps] - [the_user_launches_the_application] Cloudcard app is installed
2025-05-30 17:00:34 [INFO ] [LoginSteps] - [the_mobile_app_is_installed_on_the_device] Cloudcard app is installed
2025-05-30 17:00:37 [INFO ] [gmailSignUpSteps] - [the_user_launches_the_application] Cloudcard app is installed
2025-05-30 17:01:26 [INFO ] [LoginSteps] - [the_mobile_app_is_installed_on_the_device] Cloudcard app is installed
2025-05-30 17:01:29 [INFO ] [gmailSignUpSteps] - [the_user_launches_the_application] Cloudcard app is installed
2025-05-30 17:01:36 [INFO ] [gmailSignUpSteps] - [the_user_enters_a_valid_email_id] enters email id
2025-05-30 17:01:45 [INFO ] [gmailSignUpSteps] - [the_user_taps_the_verify_email_button_inside_the_email] Fetching email verification link...
2025-05-30 17:01:52 [INFO ] [gmailSignUpSteps] - [the_user_taps_the_verify_email_button_inside_the_email] GET Response Code: 200
2025-05-30 17:01:52 [INFO ] [gmailSignUpSteps] - [the_user_taps_the_verify_email_button_inside_the_email] Response Body: {"success":1,"message":"Email verified successfully","data":[]}
2025-05-30 17:01:52 [INFO ] [gmailSignUpSteps] - [the_user_taps_the_verify_email_button_inside_the_email] Returned to app after email verification.
2025-05-30 17:02:02 [INFO ] [LoginSteps] - [the_user_should_land_on_the_home_page_of_the_app] Home page
2025-05-30 17:02:12 [INFO ] [LoginSteps] - [the_mobile_app_is_installed_on_the_device] Cloudcard app is installed
2025-05-30 17:02:15 [INFO ] [gmailSignUpSteps] - [the_user_launches_the_application] Cloudcard app is installed
2025-05-30 17:10:26 [INFO ] [LoginSteps] - [the_mobile_app_is_installed_on_the_device] Cloudcard app is installed
2025-05-30 17:10:29 [INFO ] [gmailSignUpSteps] - [the_user_launches_the_application] Cloudcard app is installed
2025-05-30 17:10:36 [INFO ] [gmailSignUpSteps] - [the_user_enters_a_valid_email_id] enters email id
2025-05-30 17:10:47 [INFO ] [gmailSignUpSteps] - [the_user_taps_the_verify_email_button_inside_the_email] Fetching email verification link...
2025-05-30 17:10:53 [INFO ] [gmailSignUpSteps] - [the_user_taps_the_verify_email_button_inside_the_email] GET Response Code: 200
2025-05-30 17:10:53 [INFO ] [gmailSignUpSteps] - [the_user_taps_the_verify_email_button_inside_the_email] Response Body: {"success":1,"message":"Email verified successfully","data":[]}
2025-05-30 17:10:53 [INFO ] [gmailSignUpSteps] - [the_user_taps_the_verify_email_button_inside_the_email] Returned to app after email verification.
2025-05-30 17:11:04 [INFO ] [LoginSteps] - [the_user_should_land_on_the_home_page_of_the_app] Home page
2025-05-30 17:11:25 [INFO ] [LoginSteps] - [the_mobile_app_is_installed_on_the_device] Cloudcard app is installed
2025-05-30 17:11:29 [INFO ] [gmailSignUpSteps] - [the_user_launches_the_application] Cloudcard app is installed
2025-05-30 17:14:33 [INFO ] [LoginSteps] - [the_mobile_app_is_installed_on_the_device] Cloudcard app is installed
2025-05-30 17:15:00 [INFO ] [LoginSteps] - [the_mobile_app_is_installed_on_the_device] Cloudcard app is installed
2025-05-30 17:15:03 [INFO ] [gmailSignUpSteps] - [the_user_launches_the_application] Cloudcard app is installed
2025-05-30 17:15:34 [INFO ] [LoginSteps] - [the_mobile_app_is_installed_on_the_device] Cloudcard app is installed
2025-05-30 17:15:37 [INFO ] [gmailSignUpSteps] - [the_user_launches_the_application] Cloudcard app is installed
2025-05-30 17:15:49 [INFO ] [gmailSignUpSteps] - [the_user_enters_a_valid_email_id] enters email id
2025-05-30 17:16:00 [INFO ] [gmailSignUpSteps] - [the_user_taps_the_verify_email_button_inside_the_email] Fetching email verification link...
2025-05-30 17:16:06 [INFO ] [gmailSignUpSteps] - [the_user_taps_the_verify_email_button_inside_the_email] GET Response Code: 200
2025-05-30 17:16:06 [INFO ] [gmailSignUpSteps] - [the_user_taps_the_verify_email_button_inside_the_email] Response Body: {"success":1,"message":"Email verified successfully","data":[]}
2025-05-30 17:16:06 [INFO ] [gmailSignUpSteps] - [the_user_taps_the_verify_email_button_inside_the_email] Returned to app after email verification.
2025-05-30 17:16:15 [INFO ] [LoginSteps] - [the_user_should_land_on_the_home_page_of_the_app] Home page
2025-05-30 17:20:40 [INFO ] [LoginSteps] - [the_mobile_app_is_installed_on_the_device] Cloudcard app is installed
2025-05-30 17:20:43 [INFO ] [gmailSignUpSteps] - [the_user_launches_the_application] Cloudcard app is installed
2025-05-30 17:21:12 [INFO ] [LoginSteps] - [the_mobile_app_is_installed_on_the_device] Cloudcard app is installed
2025-05-30 17:21:15 [INFO ] [gmailSignUpSteps] - [the_user_launches_the_application] Cloudcard app is installed
2025-05-30 17:21:21 [INFO ] [gmailSignUpSteps] - [the_user_enters_a_valid_email_id] enters email id
2025-05-30 17:21:30 [INFO ] [gmailSignUpSteps] - [the_user_taps_the_verify_email_button_inside_the_email] Fetching email verification link...
2025-05-30 17:21:36 [INFO ] [gmailSignUpSteps] - [the_user_taps_the_verify_email_button_inside_the_email] GET Response Code: 200
2025-05-30 17:21:36 [INFO ] [gmailSignUpSteps] - [the_user_taps_the_verify_email_button_inside_the_email] Response Body: {"success":1,"message":"Email verified successfully","data":[]}
2025-05-30 17:21:36 [INFO ] [gmailSignUpSteps] - [the_user_taps_the_verify_email_button_inside_the_email] Returned to app after email verification.
2025-05-30 17:21:48 [INFO ] [LoginSteps] - [the_user_should_land_on_the_home_page_of_the_app] Home page
2025-05-30 17:32:22 [INFO ] [LoginSteps] - [the_mobile_app_is_installed_on_the_device] Cloudcard app is installed
2025-05-30 17:32:25 [INFO ] [gmailSignUpSteps] - [the_user_launches_the_application] Cloudcard app is installed
2025-05-30 17:32:32 [INFO ] [gmailSignUpSteps] - [the_user_enters_a_valid_email_id] enters email id
2025-05-30 17:32:41 [INFO ] [gmailSignUpSteps] - [the_user_taps_the_verify_email_button_inside_the_email] Fetching email verification link...
2025-05-30 17:32:47 [INFO ] [gmailSignUpSteps] - [the_user_taps_the_verify_email_button_inside_the_email] GET Response Code: 200
2025-05-30 17:32:47 [INFO ] [gmailSignUpSteps] - [the_user_taps_the_verify_email_button_inside_the_email] Response Body: {"success":1,"message":"Email verified successfully","data":[]}
2025-05-30 17:32:47 [INFO ] [gmailSignUpSteps] - [the_user_taps_the_verify_email_button_inside_the_email] Returned to app after email verification.
2025-05-30 17:32:58 [INFO ] [LoginSteps] - [the_user_should_land_on_the_home_page_of_the_app] Home page
2025-05-30 17:44:41 [INFO ] [LoginSteps] - [the_mobile_app_is_installed_on_the_device] Cloudcard app is installed
2025-05-30 17:44:44 [INFO ] [gmailSignUpSteps] - [the_user_launches_the_application] Cloudcard app is installed
2025-05-30 17:44:50 [INFO ] [gmailSignUpSteps] - [the_user_enters_a_valid_email_id] enters email id
2025-05-30 17:45:01 [INFO ] [gmailSignUpSteps] - [the_user_taps_the_verify_email_button_inside_the_email] Fetching email verification link...
2025-05-30 17:45:08 [INFO ] [gmailSignUpSteps] - [the_user_taps_the_verify_email_button_inside_the_email] GET Response Code: 200
2025-05-30 17:45:08 [INFO ] [gmailSignUpSteps] - [the_user_taps_the_verify_email_button_inside_the_email] Response Body: {"success":1,"message":"Email verified successfully","data":[]}
2025-05-30 17:45:08 [INFO ] [gmailSignUpSteps] - [the_user_taps_the_verify_email_button_inside_the_email] Returned to app after email verification.
2025-05-30 17:45:18 [INFO ] [LoginSteps] - [the_user_should_land_on_the_home_page_of_the_app] Home page
2025-05-30 17:45:19 [INFO ] [chatSteps] - [user_click_on_chat_module] Chat module opened
2025-05-30 17:45:21 [INFO ] [chatSteps] - [user_click_on_create_chat_icon] create chat icon
2025-05-30 17:45:22 [INFO ] [chatSteps] - [user_click_on_username] Search by username
2025-05-30 17:45:25 [INFO ] [chatSteps] - [user_enter_username] enter username
2025-05-30 17:45:27 [INFO ] [chatSteps] - [user_click_on_continue_username_button] username continue
